<?xml version="1.0" encoding="UTF-8"?>
<testng-results skipped="0" failed="0" ignored="0" total="1" passed="1">
  <reporter-output>
  </reporter-output>
  <suite name="Default suite" duration-ms="813" started-at="2018-01-29T06:40:37Z" finished-at="2018-01-29T06:40:38Z">
    <groups>
    </groups>
    <test name="Default test" duration-ms="813" started-at="2018-01-29T06:40:37Z" finished-at="2018-01-29T06:40:38Z">
      <class name="creditCalculation.MonthlyStatement">
        <test-method status="PASS" signature="GetStatement()[pri:0, instance:creditCalculation.MonthlyStatement@ad4bb0]" name="GetStatement" duration-ms="756" started-at="2018-01-29T12:10:37Z" finished-at="2018-01-29T12:10:38Z">
          <reporter-output>
          </reporter-output>
        </test-method> <!-- GetStatement -->
      </class> <!-- creditCalculation.MonthlyStatement -->
    </test> <!-- Default test -->
  </suite> <!-- Default suite -->
</testng-results>
